  2 19980101T0900    1.80   -0.30
  3 19980101T2100    7.70    1.60
  4 19980102T0900    6.80    3.90
  5 19980102T2100    6.50    3.80
  6 19980103T0900    9.70    4.80
  7 19980103T2100    6.50    0.20
  8 19980104T0900    4.20    2.30
  9 19980104T2100    4.80    0.20
 10 19980105T0900    3.20    0.60
 11 19980105T2100    2.30   -0.20
 12 19980106T0900    2.70    0.00
 13 19980107T0900    6.70    2.50
 14 19980107T2100    4.50    1.30
 15 19980108T0900    8.30    1.90
 16 19980108T2100    9.50    8.20
 17 19980109T0900   11.00    9.10
 18 19980109T2100   11.70    8.10
 19 19980110T0900   10.70    9.00
 20 19980110T2100   14.10    8.70
 21 19980111T0900    9.80    4.10
 22 19980111T2100   10.60    4.10
 23 19980112T0900    7.40    3.00
 24 19980112T2100    8.70    7.30
 25 19980113T0900    8.50    7.40
 26 19980113T2100    7.60    6.20
 27 19980114T0900    6.50    3.10
 28 19980114T2100    5.10    2.00
 29 19980115T0900    8.00    2.60
 30 19980115T2100    6.50    4.10
 31 19980116T0900    5.80    3.30
 32 19980116T2100    6.00    2.40
 33 19980117T0900    6.00    3.40
 34 19980117T2100    5.80    4.60
 35 19980118T0900    5.60    4.80
 36 19980118T2100    5.70    4.20
 37 19980119T0900    5.00    1.20
 38 19980119T2100    1.80   -0.40
 39 19980120T0900   -0.30   -1.90
 40 19980120T2100    2.90   -0.70
 41 19980121T0900    1.00   -0.10
 42 19980121T2100    4.50    0.40
 43 19980122T0900    5.20    4.40
 44 19980122T2100    6.10    4.60
 45 19980123T0900    4.60   -0.60
 46 19980123T2100   -0.60   -2.80
 47 19980124T0900    2.00   -1.70
 48 19980124T2100    3.00    0.60
 49 19980125T0900    1.00   -0.30
 50 19980125T2100    1.80    0.30
 51 19980126T0900    0.70   -0.80
 52 19980126T2100    1.00   -0.20
 53 19980127T0900    0.30   -0.90
 54 19980127T2100    0.60   -2.00
 55 19980128T0900   -2.00   -3.50
 56 19980128T2100    3.00   -2.50
 57 19980129T0900    0.40   -1.70
 58 19980129T2100    3.40    0.30
 59 19980130T0900    2.40   -0.10
 60 19980130T2100    4.30    2.20
 61 19980131T0900    2.40    1.70
 62 19980131T2100    2.70    0.20
 63 19980201T0900    0.90   -3.10
 64 19980201T2100    4.60   -2.90
 65 19980202T0900    2.60    0.70
 66 19980202T2100    6.10    1.50
 67 19980203T0900    2.50   -1.50
 68 19980203T2100    5.70    0.30
 69 19980204T0900    4.60    2.50
 70 19980204T2100    6.60    4.60
 71 19980205T0900    6.00    3.50
 72 19980205T2100    8.30    4.90
 73 19980206T0900    5.30    4.30
 74 19980206T2100    7.10    4.70
 75 19980207T0900    5.50    1.30
 76 19980207T2100    5.50    1.90
 77 19980208T0900    5.70    2.10
 78 19980208T2100    8.60    5.70
 79 19980209T0900    7.70    6.60
 80 19980209T2100    8.40    7.50
 81 19980210T0900    7.70    6.60
 82 19980210T2100    9.00    7.70
 83 19980211T0900    9.20    7.00
 84 19980211T2100   10.90    9.00
 85 19980212T0900   10.70    9.40
 86 19980212T2100   11.30    9.20
 87 19980213T0900   10.40    8.90
 88 19980213T2100   12.60    7.60
 89 19980214T0900    8.70    5.70
 90 19980214T2100   14.60    8.70
 91 19980215T0900   11.10    9.10
 92 19980215T2100   15.10    9.30
 93 19980216T0900    9.30    6.10
 94 19980216T2100    8.60    6.30
 95 19980217T0900    6.40    2.20
 96 19980217T2100    9.60    4.40
 97 19980218T0900    5.60   -0.60
 98 19980218T2100    9.40    2.70
 99 19980219T0900    8.80    3.80
100 19980219T2100    8.90    7.60
101 19980220T0900    9.10    7.30
102 19980220T2100   13.10    8.70
103 19980221T0900   10.10    5.50
104 19980221T2100    8.20    3.50
105 19980222T0900    4.20    1.20
106 19980222T2100    7.70    3.10
107 19980223T0900    7.90    5.00
108 19980223T2100    9.10    7.80
109 19980224T0900    8.60    5.50
110 19980224T2100   11.00    4.00
111 19980225T0900    6.40    3.50
112 19980225T2100    8.20    5.50
113 19980226T0900    6.50    5.20
114 19980226T2100    7.90    5.90
115 19980227T0900    6.30    4.20
116 19980227T2100    7.70    3.50
117 19980228T0900    4.40   -0.40
118 19980228T2100    3.20   -0.40
119 19980301T0900    2.70    0.20
120 19980301T2100    6.90    2.00
121 19980302T0900    5.70    4.70
122 19980302T2100    8.00    5.20
123 19980303T0900   10.70    7.80
124 19980303T2100   12.20    8.10
125 19980304T0900   10.80    1.80
126 19980304T2100    6.50    1.40
127 19980305T0900    3.70    1.90
128 19980305T2100    7.40    3.10
129 19980306T0900   10.00    4.40
130 19980306T2100   10.40    8.90
131 19980307T0900    9.30    7.30
132 19980307T2100    9.40    5.90
133 19980308T0900    6.90    4.30
134 19980308T2100    6.90    2.50
135 19980309T0900    2.50    0.40
136 19980309T2100    7.70    2.10
137 19980310T0900    4.30   -0.40
138 19980310T2100    8.50    4.30
139 19980311T0900    8.00    3.50
140 19980311T2100    7.10    2.70
141 19980312T0900    3.40    0.70
142 19980312T2100    7.70    2.30
143 19980313T0900    7.30    6.50
144 19980313T2100    8.70    6.20
145 19980314T0900    7.20    6.20
146 19980314T2100   11.30    6.80
147 19980315T0900    7.50    6.80
148 19980315T2100    9.40    5.80
149 19980316T0900    6.50    5.40
150 19980316T2100    8.40    6.40
151 19980317T0900    8.10    6.90
152 19980317T2100    9.80    7.20
153 19980318T0900    8.50    5.10
154 19980318T2100   11.80    6.50
155 19980319T0900    6.60    1.90
156 19980319T2100   11.00    3.70
157 19980320T0900    7.10    3.50
158 19980320T2100    9.10    6.60
159 19980321T0900    6.90    5.90
160 19980321T2100    9.20    6.80
161 19980322T0900    6.80    2.40
162 19980322T2100   10.00    4.30
163 19980323T0900    6.30    4.60
164 19980323T2100    7.60    5.10
165 19980324T0900    5.10    3.50
166 19980324T2100    7.10    4.90
167 19980325T0900    7.60    6.60
168 19980325T2100    9.20    7.00
169 19980326T0900    9.30    8.40
170 19980326T2100   10.00    8.60
171 19980327T0900    9.80    6.20
172 19980327T2100   11.80    8.70
173 19980328T0900    8.70    7.20
174 19980328T2100   14.90    8.60
175 19980329T0900   10.00    7.40
176 19980330T0900   12.50    9.00
177 19980331T0900   10.40    5.00
178 19980331T0900   11.50    5.00
179 19980401T0900    9.50    6.00
180 19980401T0900   14.10  -99.90
181 19980401T2100    7.80    6.20
182 19980402T0900    7.30    5.70
183 19980402T2100   10.80    6.60
184 19980403T0900    7.80    4.20
185 19980403T2100    9.80    5.70
186 19980404T0900    7.30    5.90
187 19980404T2100    8.60    6.10
188 19980405T0900    7.40    5.60
189 19980405T2100    8.50    5.50
190 19980406T0900    8.20    4.80
191 19980406T2100   10.60    4.90
192 19980407T0900    7.40    1.30
193 19980407T2100   10.70    6.00
194 19980408T0900    6.50    3.70
195 19980408T2100    6.80    2.40
196 19980409T0900    4.60    3.10
197 19980409T2100    5.10    2.60
198 19980410T0900    2.70    0.40
199 19980410T2100    3.80    0.10
200 19980411T0900    0.30   -0.60
201 19980411T2100    3.50    0.00
202 19980412T0900    3.10   -1.40
203 19980412T2100    4.90   -0.30
204 19980413T0900    3.40   -0.90
205 19980413T2100    5.40    0.10
206 19980414T0900    3.00   -1.30
207 19980414T2100    5.60    0.20
208 19980415T0900    0.40   -1.30
209 19980415T2100    5.10    0.30
210 19980416T0900    2.80    0.30
211 19980416T2100    6.70    2.60
212 19980417T0900    4.70    1.50
213 19980417T2100    7.30    3.20
214 19980418T0900    6.60    1.30
215 19980418T2100    9.90    4.20
216 19980419T0900    4.40    2.10
217 19980419T2100    6.90    3.90
218 19980420T0900    7.40    6.00
219 19980420T2100    9.80    3.90
220 19980421T0900    6.20    3.60
221 19980421T2100    8.50    6.20
222 19980422T0900   10.30    7.80
223 19980422T2100   12.40    8.70
224 19980423T0900    8.70    6.70
225 19980423T2100    9.40    7.50
226 19980424T0900    8.80    6.60
227 19980424T2100   12.30    7.80
228 19980425T0900    8.60    5.90
229 19980425T2100   12.60    6.90
230 19980426T0900    7.50    5.70
231 19980426T2100    9.00    4.40
232 19980427T0900    7.60    4.40
233 19980427T2100    9.60    5.40
234 19980428T0900    7.40    1.00
235 19980428T2100   11.30    5.80
236 19980429T0900    9.30    4.60
237 19980429T2100   12.50    8.70
238 19980430T0900    9.80    6.70
239 19980430T2100   10.80    6.40
240 19980501T0900    8.50    3.30
241 19980501T2100   12.50    6.90
242 19980502T0900   10.50    4.80
243 19980502T2100   12.40    8.40
244 19980503T0900    8.40    6.20
245 19980503T2100   11.70    5.40
246 19980504T0900    9.10    2.90
247 19980504T2100   12.60    7.70
248 19980505T0900    7.90    5.70
249 19980505T2100    9.00    6.90
250 19980506T0900    9.00    7.70
251 19980506T2100   10.20    8.80
252 19980507T0900   10.70    8.50
253 19980507T2100   12.10    9.40
254 19980508T0900   11.50    8.90
255 19980508T2100   16.40   11.40
256 19980509T0900   14.00   10.50
257 19980509T2100   15.10    8.70
258 19980510T0900    8.70    5.60
259 19980510T2100   10.50    8.10
260 19980511T0900    8.30    6.80
261 19980511T2100    9.40    7.10
262 19980512T0900    8.80    7.10
263 19980512T2100   14.20    8.20
264 19980513T0900   12.40   10.50
265 19980513T2100   18.40   11.20
266 19980514T0900   15.90   13.70
267 19980514T2100   19.60   14.30
268 19980515T0900   15.40   12.70
269 19980515T2100   20.30   14.30
270 19980516T0900   15.50    9.20
271 19980516T2100   19.80   14.50
272 19980517T0900   14.80    7.90
273 19980517T2100   17.60   12.50
274 19980518T0900   15.60    7.30
275 19980518T2100   18.70   14.20
276 19980519T0900   18.70    9.10
277 19980519T2100   20.80   13.40
278 19980520T0900   19.10    9.50
279 19980520T2100   21.50   14.60
280 19980521T0900   14.80    9.10
281 19980521T2100   16.50    9.40
282 19980522T0900   13.40    7.20
283 19980522T2100   16.60    9.80
284 19980523T0900   12.30    7.40
285 19980523T2100   13.10   10.50
286 19980524T0900   12.50    8.60
287 19980524T2100   16.10   11.20
288 19980525T0900   12.10    9.90
289 19980525T2100   14.00   10.00
290 19980526T0900   10.10    7.30
291 19980526T2100   11.90    6.80
292 19980527T0900    7.20    3.60
293 19980527T2100   10.90    5.60
294 19980528T0900    8.80    5.30
295 19980528T2100   12.90    8.50
296 19980529T0900   10.60    8.10
297 19980529T2100   16.30   10.60
298 19980530T0900   14.00    4.60
299 19980530T2100   17.80   11.50
300 19980531T0900   11.80    8.40
301 19980531T2100   16.50    9.10
302 19980601T0900   13.00    6.60
303 19980601T2100   16.00   10.90
304 19980602T0900   11.60    8.90
305 19980602T2100   10.50    8.80
306 19980603T0900   10.10    7.40
307 19980603T2100   13.20    7.60
308 19980604T0900   11.50    4.40
309 19980604T2100   14.30   10.80
310 19980605T0900   10.80    8.30
311 19980605T2100   13.30    9.30
312 19980606T0900   11.60    9.40
313 19980606T2100   15.60   11.40
314 19980607T0900   12.60    8.90
315 19980607T2100   14.70   10.60
316 19980608T0900   11.30    7.50
317 19980608T2100   14.10    9.90
318 19980609T0900   13.30   11.10
319 19980609T2100   14.60    9.90
320 19980610T0900   10.80    8.90
321 19980610T2100   14.40    8.10
322 19980611T0900    8.10    4.80
323 19980611T2100   11.00    6.90
324 19980612T0900   10.60    3.50
325 19980612T2100   12.80    8.20
326 19980613T0900    8.80    6.60
327 19980613T2100   13.40    8.80
328 19980614T0900   11.30    9.90
329 19980614T2100   12.70    8.90
330 19980615T0900    8.90    8.00
331 19980615T2100   10.80    8.70
332 19980616T0900   10.60    9.00
333 19980616T2100   14.50    7.70
334 19980617T0900   10.50    7.00
335 19980617T2100   12.80   10.20
336 19980618T0900   13.40    9.90
337 19980618T2100   14.80   13.20
338 19980619T0900   15.90   12.40
339 19980619T2100   22.30   15.70
340 19980620T0900   17.80   13.00
341 19980620T2100   20.70   17.10
342 19980621T0900   20.40   12.70
343 19980621T2100   16.20   10.70
344 19980622T0900   11.50    9.80
345 19980622T2100   13.90   10.80
346 19980623T0900   13.70   10.20
347 19980623T2100   15.50   13.20
348 19980624T0900   14.70   13.70
349 19980624T2100   14.90   11.60
350 19980625T0900   12.20    9.50
351 19980625T2100   15.00   10.20
352 19980626T0900   10.70    9.40
353 19980626T2100   12.60   10.40
354 19980627T0900   11.30    8.90
355 19980627T2100   14.00    9.60
356 19980628T0900   13.40    8.30
357 19980628T2100   15.40   10.90
358 19980629T0900   11.50    9.80
359 19980629T2100   13.70   10.90
360 19980630T0900   12.30    7.40
361 19980630T2100   15.50   10.70
362 19980701T0900   14.50    9.10
363 19980701T2100   16.50   12.80
364 19980702T0900   12.80    9.70
365 19980702T2100   14.90    9.70
366 19980703T0900   15.10   10.70
367 19980704T0900   13.10    9.80
368 19980704T2100   16.30   11.90
369 19980705T0900   14.50   11.70
370 19980705T2100   16.90   12.50
371 19980706T0900   13.50   12.20
372 19980706T2100   16.20   10.80
373 19980707T0900   14.60    9.40
374 19980707T2100   16.20    9.60
375 19980708T0900   12.40    8.30
376 19980708T2100   14.60   11.70
377 19980709T0900   14.30   12.10
378 19980709T2100   16.90   11.00
379 19980710T0900   15.00    9.50
380 19980710T2100   16.60   11.90
381 19980711T0900   13.30   10.30
382 19980711T2100   13.40   12.00
383 19980712T0900   15.00   12.20
384 19980712T2100   15.20   10.20
385 19980713T0900   10.80    8.50
386 19980713T2100   13.10    9.70
387 19980714T0900   12.10    9.60
388 19980714T2100   13.50    9.90
389 19980715T0900   12.20    9.80
390 19980715T2100   15.10   11.20
391 19980716T0900   15.20    8.60
392 19980716T2100   17.70   10.90
393 19980717T0900   12.70   10.80
394 19980717T2100   14.90    9.80
395 19980718T0900   11.50    9.50
396 19980718T2100   14.80   11.10
397 19980719T0900   11.80   10.00
398 19980719T2100   17.40   11.60
399 19980720T0900   15.80   13.40
400 19980720T2100   18.10   14.50
401 19980721T0900   14.50   10.80
402 19980721T2100   15.60   11.30
403 19980722T0900   13.30   10.10
404 19980722T2100   15.90   12.60
405 19980723T0900   13.30   12.00
406 19980723T2100   13.90   11.90
407 19980724T0900   13.50    8.90
408 19980725T0900   14.40    7.50
409 19980725T2100   17.40   11.90
410 19980726T0900   11.90    9.60
411 19980726T2100   13.20   11.00
412 19980727T0900   15.40   10.40
413 19980727T2100   16.50   12.40
414 19980728T0900   13.30   12.00
415 19980728T2100   16.70   12.90
416 19980729T0900   13.40   11.70
417 19980729T2100   15.50   12.00
418 19980730T0900   12.20   11.00
419 19980730T2100   15.60   11.60
420 19980731T0900   12.10   10.10
421 19980731T2100   14.90   10.20
422 19980801T0900   12.70    9.70
423 19980801T2100   14.90   11.80
424 19980802T0900   13.10   10.40
425 19980802T2100   18.20   11.80
426 19980803T0900   12.80   10.60
427 19980803T2100   17.30   12.80
428 19980804T0900   14.00    9.30
429 19980804T2100   16.70   12.60
430 19980805T0900   14.70   10.70
431 19980805T2100   16.90   11.00
432 19980806T0900   12.40   10.10
433 19980806T2100   14.70   12.20
434 19980807T0900   13.50   12.70
435 19980807T2100   17.20   12.10
436 19980808T0900   17.40   11.40
437 19980809T0900   16.70   14.50
438 19980809T2100   21.60   14.70
439 19980810T0900   19.20   13.60
440 19980810T2100   20.70   14.90
441 19980811T0900   18.10   12.50
442 19980811T2100   20.60   15.00
443 19980812T0900   15.30   11.10
444 19980812T2100   15.50   11.60
445 19980813T0900   12.50    9.50
446 19980813T2100   14.00   11.40
447 19980814T0900   15.50   14.00
448 19980814T2100   16.60   13.10
449 19980815T0900   13.10    8.60
450 19980815T2100   16.70    9.70
451 19980816T0900   13.30    9.10
452 19980816T2100   15.10   12.90
453 19980817T0900   15.30   12.70
454 19980817T2100   17.50   12.40
455 19980818T0900   13.40    8.00
456 19980818T2100   17.20   11.00
457 19980819T0900   15.30    7.90
458 19980819T2100   17.90   12.70
459 19980820T0900   13.40   11.20
460 19980820T2100   15.20   11.30
461 19980821T0900   14.90   12.60
462 19980821T2100   14.80   11.50
463 19980822T0900   12.40    9.70
464 19980822T2100   14.30    8.60
465 19980823T0900   12.30    8.20
466 19980823T2100   17.00   11.30
467 19980824T0900   11.80   10.60
468 19980824T2100   15.80    8.10
469 19980825T0900   11.70    6.40
470 19980825T2100   15.20   11.40
471 19980826T0900   14.60   11.00
472 19980826T2100   14.10    8.50
473 19980827T0900   13.00    7.30
474 19980827T2100   16.60    9.00
475 19980828T0900   12.90    8.30
476 19980828T2100   15.30   10.10
477 19980829T0900   14.60    8.90
478 19980829T2100   17.90   11.90
479 19980830T0900   13.70    8.20
480 19980830T2100   18.80   13.60
481 19980831T0900   15.00   11.20
482 19980831T2100   17.00   12.30
483 19980901T0900   14.50   12.40
484 19980901T2100   18.80   13.60
485 19980902T0900   14.50   10.90
486 19980902T2100   18.90   14.10
487 19980903T0900   14.30   11.00
488 19980903T2100   18.30   10.50
489 19980904T0900   10.90    8.00
490 19980904T2100   14.10   10.00
491 19980905T0900   13.20   12.20
492 19980905T2100   18.60   12.60
493 19980906T0900   13.10   11.30
494 19980906T2100   16.90   12.70
495 19980907T0900   15.10   12.70
496 19980907T2100   16.60   14.10
497 19980908T0900   15.00   12.10
498 19980908T2100   16.50   13.40
499 19980909T0900   14.20   12.90
500 19980909T2100   14.30   12.50
501 19980910T0900   12.60   11.90
502 19980910T2100   12.20   10.40
503 19980911T0900   11.00    6.80
504 19980911T2100   12.60    7.10
505 19980912T0900    8.00    5.40
506 19980912T2100   10.30    6.40
507 19980913T0900    9.90    4.90
508 19980913T2100   12.10    7.40
509 19980914T0900    9.80    7.30
510 19980914T2100   13.10    9.10
511 19980915T0900   11.20    7.50
512 19980915T2100   14.80    8.80
513 19980916T0900   10.40    7.90
514 19980916T2100   12.80    7.70
515 19980917T0900   11.10    7.00
516 19980917T2100   15.00   10.50
517 19980918T0900   15.00   11.50
518 19980918T2100   16.80   11.70
519 19980919T0900   14.20   10.20
520 19980919T2100   16.90   13.90
521 19980920T0900   16.60   10.20
522 19980920T2100   20.40   13.40
523 19980921T0900   15.80   10.20
524 19980921T2100   13.60    9.60
525 19980922T0900   12.30    9.20
526 19980922T2100   14.10    9.50
527 19980923T0900   11.80   10.00
528 19980923T2100   15.80   11.50
529 19980924T0900   12.90    9.90
530 19980924T2100   14.60   10.40
531 19980925T0900   13.30   10.40
532 19980925T2100   13.30   10.40
533 19980926T0900   13.30   11.10
534 19980926T2100   14.40   11.10
535 19980927T0900   13.50   11.20
536 19980927T2100   13.80   12.20
537 19980928T0900   12.80   11.90
538 19980928T2100   15.00    9.90
539 19980929T0900   11.90    6.60
540 19980929T2100   14.10   11.30
541 19980930T0900   11.80    9.90
542 19980930T2100   14.40   10.80
543 19981001T0900   11.50   10.60
544 19981001T2100   13.80   11.30
545 19981002T0900   11.80    9.70
546 19981002T2100   10.80    7.90
547 19981003T0900    7.90    3.60
548 19981003T2100   11.40    7.40
549 19981004T0900    7.90    7.00
550 19981004T2100    9.80    7.10
551 19981005T0900    7.80    6.50
552 19981005T2100   10.40    7.80
553 19981006T0900    8.70    7.90
554 19981006T2100    9.40    7.90
555 19981007T0900    9.10    6.20
556 19981007T2100   11.40    7.20
557 19981008T0900    7.80    5.60
558 19981008T2100   10.80    4.70
559 19981009T0900   10.10    2.50
560 19981009T2100   13.40   10.10
561 19981010T0900   10.80    8.60
562 19981010T2100   11.90    7.30
563 19981011T0900   13.20    8.80
564 19981011T2100   12.20    8.20
565 19981012T0900    9.70    7.00
566 19981012T2100   11.80    7.10
567 19981013T0900   12.00    7.00
568 19981013T2100   14.20   12.00
569 19981014T0900   14.40   10.90
570 19981014T2100   12.60    7.70
571 19981015T0900    9.50    7.70
572 19981015T2100   11.70    6.10
573 19981016T0900    9.40    4.90
574 19981016T2100   14.50    9.40
575 19981017T0900   11.40    7.10
576 19981017T2100    9.10    3.20
577 19981018T0900    4.90    0.20
578 19981018T2100    9.60    4.70
579 19981019T0900    6.60    4.40
580 19981019T2100    9.50    6.00
581 19981020T0900    7.10    5.40
582 19981020T2100   10.20    6.40
583 19981021T0900   12.90    9.70
584 19981021T2100   13.00   12.00
585 19981022T0900   13.70   12.20
586 19981022T2100   15.00   12.30
587 19981023T0900   13.50   10.60
588 19981023T2100   11.00    4.70
589 19981024T0900    9.20    4.40
590 19981024T2100   11.30    8.20
591 19981025T0900    9.60    5.60
592 19981025T2100    8.40    4.90
593 19981026T0900    6.40    4.40
594 19981026T2100    8.60    5.10
595 19981027T0900   12.20    6.40
596 19981027T2100   12.70    8.80
597 19981028T0900   12.40    6.40
598 19981028T2100    8.60    6.40
599 19981029T0900    7.20    4.90
600 19981029T2100    7.80    4.90
601 19981030T0900    7.20    5.10
602 19981030T2100    8.50    5.10
603 19981031T0900    6.70    5.50
604 19981031T2100    7.10    5.40
605 19981101T0900    5.40    2.40
606 19981101T2100    8.00    3.90
607 19981102T0900    5.40    3.70
608 19981102T2100    6.70    4.80
609 19981103T0900    5.30    4.10
610 19981103T2100    6.40    4.30
611 19981104T0900    4.30   -0.10
612 19981104T2100    5.20    0.50
613 19981105T0900    6.20    0.70
614 19981105T2100    8.00    5.80
615 19981106T0900    7.50    5.00
616 19981106T2100   10.10    5.10
617 19981107T0900    8.10    5.40
618 19981107T2100    9.40    7.50
619 19981108T0900   10.60    8.00
620 19981108T2100   12.50    9.20
621 19981109T0900   14.50    9.40
622 19981109T2100   10.80    7.70
623 19981110T0900    9.10    4.40
624 19981110T2100    8.40    4.30
625 19981111T0900    5.00    2.10
626 19981111T2100    8.10    3.60
627 19981112T0900    9.10    3.60
628 19981112T2100    7.40    5.80
629 19981113T0900    5.80    3.40
630 19981113T2100    6.70    3.50
631 19981114T0900    4.10    1.10
632 19981114T2100    7.00    4.10
633 19981115T0900    5.40    4.00
634 19981115T2100    7.10    1.50
635 19981116T0900    1.70   -0.70
636 19981116T2100    6.20    0.10
637 19981117T0900    6.50   -1.80
638 19981117T2100    2.00    0.20
639 19981118T0900    4.20    0.00
640 19981118T2100    5.10    2.50
641 19981119T0900    3.10   -1.00
642 19981120T0900    3.40    2.20
643 19981120T0900    5.40    0.00
644 19981120T2100    6.30    2.40
645 19981121T0900    7.40    5.10
646 19981121T2100    7.70    4.10
647 19981122T0900    8.40    2.00
648 19981122T2100    4.50    3.30
649 19981123T0900    4.00    2.10
650 19981123T2100    6.60    2.00
651 19981124T0900    7.00    2.40
652 19981124T2100    8.70    2.00
653 19981125T0900    9.00    1.50
654 19981126T0900    8.70    4.00
655 19981127T0900    9.80    6.20
656 19981128T0900   11.00    6.70
657 19981129T0900    8.80    1.70
658 19981130T0900    7.40    1.20
659 19981201T0900    6.80    3.20
660 19981202T0900    5.90    2.30
661 19981203T0900    5.10   -1.40
662 19981203T2100    5.60   -0.50
663 19981204T0900    4.00   -0.30
664 19981204T2100    3.40    0.80
665 19981205T0900    1.80   -0.60
666 19981205T2100    4.00   -2.30
667 19981206T0900   -0.50   -3.20
668 19981206T2100    2.70   -2.00
669 19981207T0900    3.80    2.40
670 19981207T2100    5.80    3.00
671 19981208T0900    9.60    3.30
672 19981209T0900    6.70    1.80
673 19981209T2100    7.10    2.90
674 19981210T0900    9.00    4.70
675 19981210T2100    9.40    6.50
676 19981211T0900    7.10    3.50
677 19981211T2100    8.70    5.10
678 19981212T0900   11.20    6.30
679 19981212T2100    9.20    6.20
680 19981213T0900    8.00    5.90
681 19981213T2100   10.50    6.40
682 19981214T0900   11.90   10.50
683 19981214T2100   12.10   11.00
684 19981215T0900   11.00    6.90
685 19981215T2100    8.00    5.40
686 19981216T0900    6.90    5.10
687 19981216T2100    8.90    6.20
688 19981217T0900    9.10    7.90
689 19981217T2100    9.60    7.30
690 19981218T0900    7.70    4.70
691 19981218T2100    6.90    3.20
692 19981219T0900    5.10    3.40
693 19981219T2100    5.60    1.60
694 19981220T0900    1.90   -0.70
695 19981220T2100    2.00   -1.30
696 19981221T0900   -0.70   -2.90
697 19981221T2100    4.60   -1.10
698 19981222T0900    4.70    1.10
699 19981222T2100    5.60    1.70
700 19981223T0900    7.80    2.70
701 19981223T2100    4.50    1.40
702 19981224T0900    2.50    0.20
703 19981224T2100    9.40    2.30
704 19981225T0900    9.60    8.20
705 19981225T2100    8.80    3.90
706 19981226T0900    4.40    2.30
707 19981226T2100   10.00    3.50
708 19981227T0900    5.50    1.80
709 19981227T2100    5.70    2.70
710 19981228T0900    3.90    0.30
711 19981228T2100    3.80    0.30
712 19981229T0900    3.00   -0.30
713 19981229T2100    6.20    3.00
714 19981230T0900    9.00    6.10
715 19981230T2100    7.40    4.10
716 19981231T0900    5.40    3.70
717 19981231T2100    7.00    4.80
